
/usr/bin/env time -v /home/cunxi/cunxi/tools/vtr-verilog-to-routing/vtr_flow/scripts/blackbox_latches.pl --input 0_bfly.abc.blif --output bfly.abc.blif --vanilla
using input blif: 0_bfly.abc.blif
using output blif: bfly.abc.blif
Usage Statistic:
	<Clock UniqID>	#<Number of Latches impacted>
____
Vanilla Latches:
	latch_^_re_^_bfly^clock_^_0	#2296
____
Black Boxed Latches:
	-None-

	Command being timed: "/home/cunxi/cunxi/tools/vtr-verilog-to-routing/vtr_flow/scripts/blackbox_latches.pl --input 0_bfly.abc.blif --output bfly.abc.blif --vanilla"
	User time (seconds): 0.57
	System time (seconds): 0.00
	Percent of CPU this job got: 99%
	Elapsed (wall clock) time (h:mm:ss or m:ss): 0:00.58
	Average shared text size (kbytes): 0
	Average unshared data size (kbytes): 0
	Average stack size (kbytes): 0
	Average total size (kbytes): 0
	Maximum resident set size (kbytes): 2580
	Average resident set size (kbytes): 0
	Major (requiring I/O) page faults: 0
	Minor (reclaiming a frame) page faults: 710
	Voluntary context switches: 1
	Involuntary context switches: 1
	Swaps: 0
	File system inputs: 0
	File system outputs: 3440
	Socket messages sent: 0
	Socket messages received: 0
	Signals delivered: 0
	Page size (bytes): 4096
	Exit status: 0
