
/usr/bin/env time -v /home/cunxi/cunxi/tools/vtr-verilog-to-routing/vtr_flow/scripts/blackbox_latches.pl --clk_list latch_^_re_^_syn2^clock_^_0 --input syn2.odin.blif --output 0_syn2.odin.blif
using folowing clk domain: latch_^_re_^_syn2^clock_^_0 
using input blif: syn2.odin.blif
using output blif: 0_syn2.odin.blif
Usage Statistic:
	<Clock UniqID>	#<Number of Latches impacted>
____
Vanilla Latches:
	latch_^_re_^_syn2^clock_^_0	#2749
____
Black Boxed Latches:
	-None-

	Command being timed: "/home/cunxi/cunxi/tools/vtr-verilog-to-routing/vtr_flow/scripts/blackbox_latches.pl --clk_list latch_^_re_^_syn2^clock_^_0 --input syn2.odin.blif --output 0_syn2.odin.blif"
	User time (seconds): 3.06
	System time (seconds): 0.01
	Percent of CPU this job got: 99%
	Elapsed (wall clock) time (h:mm:ss or m:ss): 0:03.08
	Average shared text size (kbytes): 0
	Average unshared data size (kbytes): 0
	Average stack size (kbytes): 0
	Average total size (kbytes): 0
	Maximum resident set size (kbytes): 2608
	Average resident set size (kbytes): 0
	Major (requiring I/O) page faults: 0
	Minor (reclaiming a frame) page faults: 845
	Voluntary context switches: 1
	Involuntary context switches: 9
	Swaps: 0
	File system inputs: 0
	File system outputs: 31112
	Socket messages sent: 0
	Socket messages received: 0
	Signals delivered: 0
	Page size (bytes): 4096
	Exit status: 0
