
/usr/bin/time -v /home/cunxi/cunxi/FreeTune-abc/abc -c 
	echo '';
	echo 'Load Netlist';
	echo '============';
	read syn2.odin.blif.ftune.blif;
	time;

	echo 'Load FTune Flow';
	echo '==========';
	read syn2.odin.blif.ftune.blif;
	echo '';
	echo 'Circuit Info';
	echo '==========';
	print_stats;
	print_latch;
	time;

	echo '';
	echo 'LUT Costs';
	echo '=========';
	print_lut;
	time;

	echo '';
	echo 'Techmap';
	echo '===================';
	strash;
	ifraig -v;
	scorr -v;
	dc2 -v;
	dch -f;
	if -K 6 -v;
	mfs2 -v;
	mfs2 -v;
	print_stats;
	time;

	echo '';
	write_hie syn2.odin.blif syn2.raw.abc.blif;
	echo 'Output Netlist';
	echo '==============';
	time;

ABC command line: "
	echo '';
	echo 'Load Netlist';
	echo '============';
	read syn2.odin.blif.ftune.blif;
	time;

	echo 'Load FTune Flow';
	echo '==========';
	read syn2.odin.blif.ftune.blif;
	echo '';
	echo 'Circuit Info';
	echo '==========';
	print_stats;
	print_latch;
	time;

	echo '';
	echo 'LUT Costs';
	echo '=========';
	print_lut;
	time;

	echo '';
	echo 'Techmap';
	echo '===================';
	strash;
	ifraig -v;
	scorr -v;
	dc2 -v;
	dch -f;
	if -K 6 -v;
	mfs2 -v;
	mfs2 -v;
	print_stats;
	time;

	echo '';
	write_hie syn2.odin.blif syn2.raw.abc.blif;
	echo 'Output Netlist';
	echo '==============';
	time;
".

 
Load Netlist 
============ 
elapse: 0.09 seconds, total: 0.09 seconds
Load FTune Flow 
========== 
 
Circuit Info 
========== 
[1;37msyn2                          :[0m i/o = 5814/ 4678  lat = 2207  nd =  9813  edge =  33544  cube = 18080  lev = 14
Total latches =  2207. Init0 = 2207. Init1 = 0. InitDC = 0. Const data = 1.
elapse: 0.09 seconds, total: 0.18 seconds
 
LUT Costs 
========= 
# The area/delay of k-variable LUTs:
# k    area     delay
1      1.00      1.00
2      1.00      1.00
3      1.00      1.00
4      1.00      1.00
elapse: 0.00 seconds, total: 0.18 seconds
 
Techmap 
=================== 
SimWords = 32. Rounds = 275. Mem = 4.84 MB.  Classes: Beg = 478. End = 232.
Proof = 210. Counter-example = 251. Fail = 0. FailReal = 0. Zero = 47.
Final = 24272. Miter = 24715. Total = 24738. Mux = 0. (Exor = 0.) SatVars = 7885.
starts        :              472
conflicts     :              718
decisions     :           163232
propagations  :          1176351
AIG simulation   =     0.37 sec
AIG traversal    =     0.00 sec
SAT solving      =     0.11 sec
    Unsat        =     0.00 sec
    Sat          =     0.11 sec
    Fail         =     0.00 sec
Class refining   =     0.01 sec
TOTAL RUNTIME    =     0.78 sec
Allocated 1.20 MB to store simulation information.
Initial simulation of 4 frames with 2 words.     Time =     0.00 sec
Collecting candidate equivalence classes.        Time =     0.00 sec
Simulation of 4 frames with 2 words (15 rounds). Time =     0.04 sec
Before BMC: Equiv classes: Const1 =   173. Class =   439. Lit =   910.
After  BMC: Equiv classes: Const1 =   172. Class =   434. Lit =   902.
  0 : C =     22. Cl =     28. LR =   612. NR = 47974. F =    0. - T =     1.09 sec
  1 : C =      0. Cl =      7. LR =    25. NR = 48305. F =    0. - T =     0.09 sec
  2 : C =      0. Cl =      0. LR =     6. NR = 48353. F =    0. - T =     0.03 sec
  3 : C =      0. Cl =      0. LR =     0. NR = 48354. F =    0. - T =     0.01 sec
Parameters: F = 1. AddF = 2. C-lim = 1000. Constr = 0. MaxLev = 0. Mem = 1.79 MB.
AIG       : PI = 5814. PO = 4678. Latch = 2207. Node = 24272.  Ave SAT vars = 0.
SAT calls : Proof = 10. Cex = 351. Fail = 0. Lits proved = 0.
SAT solver: Vars max = 26642. Calls max = 328. Recycles = 0. Sim rounds = 0.
NBeg = 24272. NEnd = 24272. (Gain =   0.00 %).  RBeg = 2207. REnd = 2207. (Gain =   0.00 %).
BMC         =     0.00 sec (  0.34 %)
Spec reduce =     0.03 sec (  2.61 %)
Mark cones  =     0.00 sec (  0.00 %)
Sim SAT     =     0.58 sec ( 47.00 %)
SAT solving =     0.57 sec ( 46.42 %)
  unsat     =     0.00 sec (  0.22 %)
  sat       =     0.57 sec ( 46.23 %)
  undecided =     0.00 sec (  0.00 %)
Other       =     0.04 sec (  3.64 %)
TOTAL       =     1.23 sec (100.00 %)
Starting:  syn2            : pi =  5814  po =  4678  lat =  2207  and =   24272  lev =  61
Rewrite:   syn2            : pi =  5814  po =  4678  lat =  2207  and =   22937  lev =  58
Refactor:  syn2            : pi =  5814  po =  4678  lat =  2207  and =   22889  lev =  58
Balance:   syn2            : pi =  5814  po =  4678  lat =  2207  and =   22806  lev =  52
Rewrite:   syn2            : pi =  5814  po =  4678  lat =  2207  and =   22718  lev =  52
RewriteZ:  syn2            : pi =  5814  po =  4678  lat =  2207  and =   22640  lev =  62
RefactorZ: syn2            : pi =  5814  po =  4678  lat =  2207  and =   22583  lev =  60
RewriteZ:  syn2            : pi =  5814  po =  4678  lat =  2207  and =   22515  lev =  62
K = 6. Memory (bytes): Truth =    0. Cut =   56. Obj =  136. Set =  600. CutMin = no
Node =   36639.  Ch =  3816.  Total mem =    7.47 MB. Peak cut mem =    0.64 MB.
P:  Del =   13.00.  Ar =   10884.0.  Edge =    47568.  Cut =   564974.  T =     0.09 sec
P:  Del =   13.00.  Ar =    8903.0.  Edge =    44340.  Cut =   425419.  T =     0.08 sec
P:  Del =   13.00.  Ar =    8630.0.  Edge =    39679.  Cut =   548902.  T =     0.10 sec
F:  Del =   13.00.  Ar =    7705.0.  Edge =    36678.  Cut =   376816.  T =     0.07 sec
A:  Del =   13.00.  Ar =    7416.0.  Edge =    32478.  Cut =   395181.  T =     0.11 sec
A:  Del =   13.00.  Ar =    7360.0.  Edge =    32374.  Cut =   391267.  T =     0.11 sec
Total time =     0.57 sec
Duplicated 2695 gates to decouple the CO drivers.
Performing MFS with 8021 PIs, 6885 POs, 10074 nodes (10074 flexible, 0 fixed, 0 empty).
Nodes = 10074. Try = 7494. Resub = 134. Div = 1080740 (ave = 144). SAT calls = 133432. Timeouts = 0. MaxDivs = 2212.
Attempts :   Remove    111 out of  30456 (  0.36 %)   Resub      23 out of   3175 (  0.72 %)   
Reduction:   Nodes      23 out of  10055 (  0.23 %)   Edges     196 out of  35069 (  0.56 %)   
Win =     0.07 sec (  2.89 %)
Div =     0.08 sec (  3.65 %)
Cnf =     0.32 sec ( 14.01 %)
Sat =     1.77 sec ( 78.21 %)
Oth =     0.03 sec (  1.24 %)
ALL =     2.26 sec (100.00 %)
The network has 120 nodes changed by "mfs".
Performing MFS with 8021 PIs, 6885 POs, 10051 nodes (10051 flexible, 0 fixed, 0 empty).
Nodes = 10051. Try = 7340. Resub = 3. Div = 1056072 (ave = 143). SAT calls = 131303. Timeouts = 0. MaxDivs = 2191.
Attempts :   Remove      3 out of  30078 (  0.01 %)   Resub       0 out of   3128 (  0.00 %)   
Reduction:   Nodes       0 out of  10032 (  0.00 %)   Edges       3 out of  34873 (  0.01 %)   
Win =     0.06 sec (  2.86 %)
Div =     0.08 sec (  3.64 %)
Cnf =     0.31 sec ( 14.03 %)
Sat =     1.73 sec ( 78.23 %)
Oth =     0.03 sec (  1.23 %)
ALL =     2.21 sec (100.00 %)
The network has 2 nodes changed by "mfs".
[1;37msyn2                          :[0m i/o = 5814/ 4678  lat = 2207  nd = 10051  edge =  34870  cube = 18862  lev = 13
elapse: 9.96 seconds, total: 10.14 seconds
 
Hierarchy writer reintroduced 2686 instances of blackboxes.
Output Netlist 
============== 
elapse: 0.24 seconds, total: 10.38 seconds
	Command being timed: "/home/cunxi/cunxi/FreeTune-abc/abc -c 
	echo '';
	echo 'Load Netlist';
	echo '============';
	read syn2.odin.blif.ftune.blif;
	time;

	echo 'Load FTune Flow';
	echo '==========';
	read syn2.odin.blif.ftune.blif;
	echo '';
	echo 'Circuit Info';
	echo '==========';
	print_stats;
	print_latch;
	time;

	echo '';
	echo 'LUT Costs';
	echo '=========';
	print_lut;
	time;

	echo '';
	echo 'Techmap';
	echo '===================';
	strash;
	ifraig -v;
	scorr -v;
	dc2 -v;
	dch -f;
	if -K 6 -v;
	mfs2 -v;
	mfs2 -v;
	print_stats;
	time;

	echo '';
	write_hie syn2.odin.blif syn2.raw.abc.blif;
	echo 'Output Netlist';
	echo '==============';
	time;
"
	User time (seconds): 10.46
	System time (seconds): 0.59
	Percent of CPU this job got: 99%
	Elapsed (wall clock) time (h:mm:ss or m:ss): 0:11.05
	Average shared text size (kbytes): 0
	Average unshared data size (kbytes): 0
	Average stack size (kbytes): 0
	Average total size (kbytes): 0
	Maximum resident set size (kbytes): 57880
	Average resident set size (kbytes): 0
	Major (requiring I/O) page faults: 0
	Minor (reclaiming a frame) page faults: 49989
	Voluntary context switches: 1
	Involuntary context switches: 15
	Swaps: 0
	File system inputs: 0
	File system outputs: 2784
	Socket messages sent: 0
	Socket messages received: 0
	Signals delivered: 0
	Page size (bytes): 4096
	Exit status: 0
