
/usr/bin/env time -v /home/cunxi/cunxi/tools/vtr-verilog-to-routing/vtr_flow/../abc/abc -c  		echo ''; 		echo 'Load Netlist'; 		echo '============'; 		read 0_syn2.odin.blif; 		time;  		echo ''; 		echo 'Circuit Info'; 		echo '=========='; 		print_stats; 		print_latch; 		time;  		echo ''; 		echo 'LUT Costs'; 		echo '========='; 		print_lut; 		time;  		echo ''; 		echo 'Logic Opt + Techmap'; 		echo '==================='; 		strash; 		ifraig -v; 		scorr -v; 		dc2 -v; 		dch -f; 		if -K 6 -v; 		mfs2 -v; 		print_stats; 		time;  		echo ''; 		echo 'Output Netlist'; 		echo '=============='; 		write_hie 0_syn2.odin.blif 0_syn2.raw.abc.blif; 		time; 		
ABC command line: " 		echo ''; 		echo 'Load Netlist'; 		echo '============'; 		read 0_syn2.odin.blif; 		time;  		echo ''; 		echo 'Circuit Info'; 		echo '=========='; 		print_stats; 		print_latch; 		time;  		echo ''; 		echo 'LUT Costs'; 		echo '========='; 		print_lut; 		time;  		echo ''; 		echo 'Logic Opt + Techmap'; 		echo '==================='; 		strash; 		ifraig -v; 		scorr -v; 		dc2 -v; 		dch -f; 		if -K 6 -v; 		mfs2 -v; 		print_stats; 		time;  		echo ''; 		echo 'Output Netlist'; 		echo '=============='; 		write_hie 0_syn2.odin.blif 0_syn2.raw.abc.blif; 		time; 		".

 
Load Netlist 
============ 
Hierarchy reader converted 2687 instances of blackboxes.
elapse: 0.41 seconds, total: 0.41 seconds
 
Circuit Info 
========== 
[1;37msyn2                          :[0m i/o = 5814/ 4679  lat = 2749  nd = 47451  edge = 236115  cube =139729  lev = 109
Total latches =  2749. Init0 = 2749. Init1 = 0. InitDC = 0. Const data = 45.
elapse: 0.01 seconds, total: 0.41 seconds
 
LUT Costs 
========= 
# The area/delay of k-variable LUTs:
# k    area     delay
1      1.00      1.00
2      1.00      1.00
3      1.00      1.00
4      1.00      1.00
elapse: 0.00 seconds, total: 0.41 seconds
 
Logic Opt + Techmap 
=================== 
SimWords = 32. Rounds = 1349. Mem = 11.59 MB.  Classes: Beg = 1284. End = 1589.
Proof = 2489. Counter-example = 1305. Fail = 0. FailReal = 0. Zero = 4104.
Final = 75414. Miter = 78952. Total = 78982. Mux = 0. (Exor = 0.) SatVars = 35120.
starts        :             1756
conflicts     :             2530
decisions     :          1815334
propagations  :         20061429
AIG simulation   =     2.91 sec
AIG traversal    =     0.01 sec
SAT solving      =     1.59 sec
    Unsat        =     0.14 sec
    Sat          =     1.45 sec
    Fail         =     0.00 sec
Class refining   =     0.29 sec
TOTAL RUNTIME    =     5.33 sec
Allocated 2.79 MB to store simulation information.
Initial simulation of 4 frames with 2 words.     Time =     0.01 sec
Collecting candidate equivalence classes.        Time =     0.01 sec
Simulation of 4 frames with 2 words (15 rounds). Time =     0.09 sec
Before BMC: Equiv classes: Const1 =  7313. Class =  2230. Lit = 13406.
After  BMC: Equiv classes: Const1 =  7313. Class =  2230. Lit = 13406.
  0 : C =   3092. Cl =   1682. LR =  2254. NR =111427. F =    0. - T =    17.50 sec
  1 : C =   3072. Cl =   1680. LR =   691. NR =114126. F =    0. - T =     0.13 sec
  2 : C =   3072. Cl =   1677. LR =   672. NR =114157. F =    0. - T =     0.06 sec
  3 : C =   3072. Cl =   1677. LR =   669. NR =114160. F =    0. - T =     0.03 sec
Parameters: F = 1. AddF = 2. C-lim = 1000. Constr = 0. MaxLev = 0. Mem = 4.18 MB.
AIG       : PI = 5814. PO = 4679. Latch = 2749. Node = 75414.  Ave SAT vars = 0.
SAT calls : Proof = 501. Cex = 3687. Fail = 0. Lits proved = 7584.
SAT solver: Vars max = 46516. Calls max = 3793. Recycles = 0. Sim rounds = 0.
NBeg = 75414. NEnd = 45547. (Gain =  39.60 %).  RBeg = 2749. REnd = 2207. (Gain =  19.72 %).
BMC         =     0.00 sec (  0.01 %)
Spec reduce =     0.06 sec (  0.36 %)
Mark cones  =     0.00 sec (  0.00 %)
Sim SAT     =    11.07 sec ( 62.43 %)
SAT solving =     6.24 sec ( 35.20 %)
  unsat     =     0.08 sec (  0.47 %)
  sat       =     6.16 sec ( 34.76 %)
  undecided =     0.00 sec (  0.00 %)
Other       =     0.35 sec (  2.00 %)
TOTAL       =    17.73 sec (100.00 %)
Starting:  syn2            : pi =  5814  po =  4679  lat =  2207  and =   45547  lev = 109
Rewrite:   syn2            : pi =  5814  po =  4679  lat =  2207  and =   40218  lev =  71
Refactor:  syn2            : pi =  5814  po =  4679  lat =  2207  and =   39570  lev =  73
Balance:   syn2            : pi =  5814  po =  4679  lat =  2207  and =   38985  lev =  47
Rewrite:   syn2            : pi =  5814  po =  4679  lat =  2207  and =   38533  lev =  47
RewriteZ:  syn2            : pi =  5814  po =  4679  lat =  2207  and =   38384  lev =  52
RefactorZ: syn2            : pi =  5814  po =  4679  lat =  2207  and =   38093  lev =  55
RewriteZ:  syn2            : pi =  5814  po =  4679  lat =  2207  and =   37798  lev =  54
K = 6. Memory (bytes): Truth =    0. Cut =   56. Obj =  136. Set =  600. CutMin = no
Node =   70881.  Ch =  3124.  Total mem =   12.44 MB. Peak cut mem =    0.88 MB.
P:  Del =   14.00.  Ar =   15254.0.  Edge =    73255.  Cut =  1200557.  T =     0.18 sec
P:  Del =   14.00.  Ar =   13128.0.  Edge =    64350.  Cut =   903673.  T =     0.17 sec
P:  Del =   14.00.  Ar =   15081.0.  Edge =    65028.  Cut =  1169508.  T =     0.22 sec
F:  Del =   14.00.  Ar =   12011.0.  Edge =    59257.  Cut =   743573.  T =     0.13 sec
A:  Del =   14.00.  Ar =   11125.0.  Edge =    52695.  Cut =   765742.  T =     0.25 sec
A:  Del =   14.00.  Ar =   10904.0.  Edge =    51990.  Cut =   772245.  T =     0.29 sec
Total time =     1.24 sec
Duplicated 2695 gates to decouple the CO drivers.
Performing MFS with 8021 PIs, 6886 POs, 13618 nodes (13618 flexible, 0 fixed, 0 empty).
Nodes = 13618. Try = 11355. Resub = 451. Div = 1812019 (ave = 159). SAT calls = 217873. Timeouts = 0. MaxDivs = 3551.
Attempts :   Remove    364 out of  49527 (  0.73 %)   Resub      87 out of   6687 (  1.30 %)   
Reduction:   Nodes     121 out of  13599 (  0.89 %)   Edges     815 out of  54646 (  1.49 %)   
Win =     0.12 sec (  2.80 %)
Div =     0.12 sec (  2.79 %)
Cnf =     0.53 sec ( 11.98 %)
Sat =     3.62 sec ( 81.24 %)
Oth =     0.05 sec (  1.19 %)
ALL =     4.46 sec (100.00 %)
The network has 283 nodes changed by "mfs".
[1;37msyn2                          :[0m i/o = 5814/ 4679  lat = 2207  nd = 13497  edge =  53831  cube = 27293  lev = 14
elapse: 36.13 seconds, total: 36.55 seconds
 
Output Netlist 
============== 
Hierarchy writer reintroduced 2687 instances of blackboxes.
elapse: 0.20 seconds, total: 36.75 seconds
	Command being timed: "/home/cunxi/cunxi/tools/vtr-verilog-to-routing/vtr_flow/../abc/abc -c  		echo ''; 		echo 'Load Netlist'; 		echo '============'; 		read 0_syn2.odin.blif; 		time;  		echo ''; 		echo 'Circuit Info'; 		echo '=========='; 		print_stats; 		print_latch; 		time;  		echo ''; 		echo 'LUT Costs'; 		echo '========='; 		print_lut; 		time;  		echo ''; 		echo 'Logic Opt + Techmap'; 		echo '==================='; 		strash; 		ifraig -v; 		scorr -v; 		dc2 -v; 		dch -f; 		if -K 6 -v; 		mfs2 -v; 		print_stats; 		time;  		echo ''; 		echo 'Output Netlist'; 		echo '=============='; 		write_hie 0_syn2.odin.blif 0_syn2.raw.abc.blif; 		time; 		"
	User time (seconds): 36.78
	System time (seconds): 1.14
	Percent of CPU this job got: 100%
	Elapsed (wall clock) time (h:mm:ss or m:ss): 0:37.92
	Average shared text size (kbytes): 0
	Average unshared data size (kbytes): 0
	Average stack size (kbytes): 0
	Average total size (kbytes): 0
	Maximum resident set size (kbytes): 68428
	Average resident set size (kbytes): 0
	Major (requiring I/O) page faults: 0
	Minor (reclaiming a frame) page faults: 80500
	Voluntary context switches: 1
	Involuntary context switches: 29
	Swaps: 0
	File system inputs: 0
	File system outputs: 3528
	Socket messages sent: 0
	Socket messages received: 0
	Signals delivered: 0
	Page size (bytes): 4096
	Exit status: 0
