#Packing pin usage report
Type: io
	Input Pin Usage:
		Max: 1.00 (0.50)
		Avg: 0.44 (0.22)
		Min: 0.00 (0.00)
		Histogram:
		[        0:      0.2) 161 (55.7%) |***********************************************
		[      0.2:      0.4)   0 ( 0.0%) |
		[      0.4:      0.6)   0 ( 0.0%) |
		[      0.6:      0.8)   0 ( 0.0%) |
		[      0.8:        1) 128 (44.3%) |*************************************
		[        1:      1.2)   0 ( 0.0%) |
		[      1.2:      1.4)   0 ( 0.0%) |
		[      1.4:      1.6)   0 ( 0.0%) |
		[      1.6:      1.8)   0 ( 0.0%) |
		[      1.8:        2)   0 ( 0.0%) |
	Output Pin Usage:
		Max: 1.00 (1.00)
		Avg: 0.56 (0.56)
		Min: 0.00 (0.00)
		Histogram:
		[        0:      0.1) 128 (44.3%) |*************************************
		[      0.1:      0.2)   0 ( 0.0%) |
		[      0.2:      0.3)   0 ( 0.0%) |
		[      0.3:      0.4)   0 ( 0.0%) |
		[      0.4:      0.5)   0 ( 0.0%) |
		[      0.5:      0.6)   0 ( 0.0%) |
		[      0.6:      0.7)   0 ( 0.0%) |
		[      0.7:      0.8)   0 ( 0.0%) |
		[      0.8:      0.9)   0 ( 0.0%) |
		[      0.9:        1) 161 (55.7%) |***********************************************

Type: clb
	Input Pin Usage:
		Max: 40.00 (0.95)
		Avg: 28.05 (0.67)
		Min: 1.00 (0.02)
		Histogram:
		[        0:      4.2)  46 ( 3.9%) |***
		[      4.2:      8.4)  29 ( 2.5%) |**
		[      8.4:       13)  18 ( 1.5%) |*
		[       13:       17)  26 ( 2.2%) |**
		[       17:       21)  57 ( 4.9%) |***
		[       21:       25)  60 ( 5.1%) |****
		[       25:       29) 123 (10.5%) |*******
		[       29:       34) 799 (68.3%) |***********************************************
		[       34:       38)   1 ( 0.1%) |
		[       38:       42)  10 ( 0.9%) |*
	Output Pin Usage:
		Max: 20.00 (0.95)
		Avg: 7.04 (0.34)
		Min: 1.00 (0.05)
		Histogram:
		[        0:      2.1) 130 (11.1%) |***********************
		[      2.1:      4.2) 207 (17.7%) |************************************
		[      4.2:      6.3) 268 (22.9%) |***********************************************
		[      6.3:      8.4) 219 (18.7%) |**************************************
		[      8.4:       10) 149 (12.7%) |**************************
		[       10:       13)  76 ( 6.5%) |*************
		[       13:       15)  53 ( 4.5%) |*********
		[       15:       17)  28 ( 2.4%) |*****
		[       17:       19)  19 ( 1.6%) |***
		[       19:       21)  20 ( 1.7%) |****

Type: mult_36
	Input Pin Usage:
		Max: 48.00 (0.67)
		Avg: 48.00 (0.67)
		Min: 48.00 (0.67)
		Histogram:
		[        0:      7.2) 0 ( 0.0%) |
		[      7.2:       14) 0 ( 0.0%) |
		[       14:       22) 0 ( 0.0%) |
		[       22:       29) 0 ( 0.0%) |
		[       29:       36) 0 ( 0.0%) |
		[       36:       43) 0 ( 0.0%) |
		[       43:       50) 4 (100.0%) |*************************************************
		[       50:       58) 0 ( 0.0%) |
		[       58:       65) 0 ( 0.0%) |
		[       65:       72) 0 ( 0.0%) |
	Output Pin Usage:
		Max: 48.00 (0.67)
		Avg: 48.00 (0.67)
		Min: 48.00 (0.67)
		Histogram:
		[        0:      7.2) 0 ( 0.0%) |
		[      7.2:       14) 0 ( 0.0%) |
		[       14:       22) 0 ( 0.0%) |
		[       22:       29) 0 ( 0.0%) |
		[       29:       36) 0 ( 0.0%) |
		[       36:       43) 0 ( 0.0%) |
		[       43:       50) 4 (100.0%) |*************************************************
		[       50:       58) 0 ( 0.0%) |
		[       58:       65) 0 ( 0.0%) |
		[       65:       72) 0 ( 0.0%) |

