
/usr/bin/env time -v /home/cunxi/cunxi/tools/vtr-verilog-to-routing/vtr_flow/scripts/blackbox_latches.pl --restore latch_^_re_^_syn2^clock_^_0 --input 0_syn2.raw.abc.blif --output 0_syn2.abc.blif
using re syn2^clock 0 to restore latches
using input blif: 0_syn2.raw.abc.blif
using output blif: 0_syn2.abc.blif
Usage Statistic:
	<Clock UniqID>	#<Number of Latches impacted>
____
Vanilla Latches:
	-None-
____
Black Boxed Latches:
	-None-

	Command being timed: "/home/cunxi/cunxi/tools/vtr-verilog-to-routing/vtr_flow/scripts/blackbox_latches.pl --restore latch_^_re_^_syn2^clock_^_0 --input 0_syn2.raw.abc.blif --output 0_syn2.abc.blif"
	User time (seconds): 0.26
	System time (seconds): 0.00
	Percent of CPU this job got: 100%
	Elapsed (wall clock) time (h:mm:ss or m:ss): 0:00.26
	Average shared text size (kbytes): 0
	Average unshared data size (kbytes): 0
	Average stack size (kbytes): 0
	Average total size (kbytes): 0
	Maximum resident set size (kbytes): 2584
	Average resident set size (kbytes): 0
	Major (requiring I/O) page faults: 0
	Minor (reclaiming a frame) page faults: 711
	Voluntary context switches: 1
	Involuntary context switches: 1
	Swaps: 0
	File system inputs: 0
	File system outputs: 3648
	Socket messages sent: 0
	Socket messages received: 0
	Signals delivered: 0
	Page size (bytes): 4096
	Exit status: 0
