
/usr/bin/time -v /home/cunxi/cunxi/tools/vtr-verilog-to-routing/vtr_flow/scripts/restore_multiclock_latch_information.pl syn2.odin.blif syn2.raw.abc.blif syn2.abc.blif
	Command being timed: "/home/cunxi/cunxi/tools/vtr-verilog-to-routing/vtr_flow/scripts/restore_multiclock_latch_information.pl syn2.odin.blif syn2.raw.abc.blif syn2.abc.blif"
	User time (seconds): 0.13
	System time (seconds): 0.01
	Percent of CPU this job got: 100%
	Elapsed (wall clock) time (h:mm:ss or m:ss): 0:00.15
	Average shared text size (kbytes): 0
	Average unshared data size (kbytes): 0
	Average stack size (kbytes): 0
	Average total size (kbytes): 0
	Maximum resident set size (kbytes): 2380
	Average resident set size (kbytes): 0
	Major (requiring I/O) page faults: 0
	Minor (reclaiming a frame) page faults: 660
	Voluntary context switches: 1
	Involuntary context switches: 1
	Swaps: 0
	File system inputs: 0
	File system outputs: 2816
	Socket messages sent: 0
	Socket messages received: 0
	Signals delivered: 0
	Page size (bytes): 4096
	Exit status: 0
